2024-04-29T19:38:28.890+02:00  INFO 1336 --- [libraryManagement] [main] c.l.l.LibraryManagementApplication       : Starting LibraryManagementApplication using Java 17.0.1 with PID 1336 (C:\Users\amfahmy\Desktop\New folder\libraryManagement\target\classes started by amfahmy in C:\Users\amfahmy\Desktop\New folder\libraryManagement)
2024-04-29T19:38:28.895+02:00  INFO 1336 --- [libraryManagement] [main] c.l.l.LibraryManagementApplication       : No active profile set, falling back to 1 default profile: "default"
2024-04-29T19:38:30.556+02:00  INFO 1336 --- [libraryManagement] [main] .s.d.r.c.RepositoryConfigurationDelegate : Bootstrapping Spring Data JPA repositories in DEFAULT mode.
2024-04-29T19:38:30.687+02:00  INFO 1336 --- [libraryManagement] [main] .s.d.r.c.RepositoryConfigurationDelegate : Finished Spring Data repository scanning in 113 ms. Found 4 JPA repository interfaces.
2024-04-29T19:38:31.564+02:00  INFO 1336 --- [libraryManagement] [main] o.s.b.w.embedded.tomcat.TomcatWebServer  : Tomcat initialized with port 8080 (http)
2024-04-29T19:38:31.579+02:00  INFO 1336 --- [libraryManagement] [main] o.apache.catalina.core.StandardService   : Starting service [Tomcat]
2024-04-29T19:38:31.580+02:00  INFO 1336 --- [libraryManagement] [main] o.apache.catalina.core.StandardEngine    : Starting Servlet engine: [Apache Tomcat/10.1.20]
2024-04-29T19:38:31.685+02:00  INFO 1336 --- [libraryManagement] [main] o.a.c.c.C.[Tomcat].[localhost].[/]       : Initializing Spring embedded WebApplicationContext
2024-04-29T19:38:31.686+02:00  INFO 1336 --- [libraryManagement] [main] w.s.c.ServletWebServerApplicationContext : Root WebApplicationContext: initialization completed in 2703 ms
2024-04-29T19:38:31.801+02:00  INFO 1336 --- [libraryManagement] [main] com.zaxxer.hikari.HikariDataSource       : HikariPool-1 - Starting...
2024-04-29T19:38:32.042+02:00  INFO 1336 --- [libraryManagement] [main] com.zaxxer.hikari.pool.HikariPool        : HikariPool-1 - Added connection org.postgresql.jdbc.PgConnection@6bce4140
2024-04-29T19:38:32.047+02:00  INFO 1336 --- [libraryManagement] [main] com.zaxxer.hikari.HikariDataSource       : HikariPool-1 - Start completed.
2024-04-29T19:38:32.199+02:00  INFO 1336 --- [libraryManagement] [main] o.hibernate.jpa.internal.util.LogHelper  : HHH000204: Processing PersistenceUnitInfo [name: default]
2024-04-29T19:38:32.368+02:00  INFO 1336 --- [libraryManagement] [main] org.hibernate.Version                    : HHH000412: Hibernate ORM core version 6.4.4.Final
2024-04-29T19:38:32.462+02:00  INFO 1336 --- [libraryManagement] [main] o.h.c.internal.RegionFactoryInitiator    : HHH000026: Second-level cache disabled
2024-04-29T19:38:33.037+02:00  INFO 1336 --- [libraryManagement] [main] o.s.o.j.p.SpringPersistenceUnitInfo      : No LoadTimeWeaver setup: ignoring JPA class transformer
2024-04-29T19:38:34.964+02:00  INFO 1336 --- [libraryManagement] [main] o.h.e.t.j.p.i.JtaPlatformInitiator       : HHH000489: No JTA platform available (set 'hibernate.transaction.jta.platform' to enable JTA platform integration)
2024-04-29T19:38:35.077+02:00  INFO 1336 --- [libraryManagement] [main] j.LocalContainerEntityManagerFactoryBean : Initialized JPA EntityManagerFactory for persistence unit 'default'
2024-04-29T19:38:36.077+02:00  WARN 1336 --- [libraryManagement] [main] JpaBaseConfiguration$JpaWebConfiguration : spring.jpa.open-in-view is enabled by default. Therefore, database queries may be performed during view rendering. Explicitly configure spring.jpa.open-in-view to disable this warning
2024-04-29T19:38:36.895+02:00  INFO 1336 --- [libraryManagement] [main] o.s.s.web.DefaultSecurityFilterChain     : Will secure any request with [org.springframework.security.web.session.DisableEncodeUrlFilter@54972f9a, org.springframework.security.web.context.request.async.WebAsyncManagerIntegrationFilter@1abb719a, org.springframework.security.web.context.SecurityContextHolderFilter@41fe0d98, org.springframework.security.web.header.HeaderWriterFilter@41db6e4b, org.springframework.web.filter.CorsFilter@706dee4, org.springframework.security.web.authentication.logout.LogoutFilter@e74300b, com.libraryManagement.libraryManagement.securityConfig.JwtAuthenticationFilter@28532753, org.springframework.security.web.savedrequest.RequestCacheAwareFilter@3fecdd00, org.springframework.security.web.servletapi.SecurityContextHolderAwareRequestFilter@5562f297, org.springframework.security.web.authentication.AnonymousAuthenticationFilter@3c5d60db, org.springframework.security.web.session.SessionManagementFilter@32c114d9, org.springframework.security.web.access.ExceptionTranslationFilter@3a70acd5, org.springframework.security.web.access.intercept.AuthorizationFilter@52539624]
2024-04-29T19:38:37.527+02:00  INFO 1336 --- [libraryManagement] [main] o.s.b.w.embedded.tomcat.TomcatWebServer  : Tomcat started on port 8080 (http) with context path ''
2024-04-29T19:38:37.548+02:00  INFO 1336 --- [libraryManagement] [main] c.l.l.LibraryManagementApplication       : Started LibraryManagementApplication in 9.439 seconds (process running for 11.504)
2024-04-29T19:39:18.069+02:00  INFO 1336 --- [libraryManagement] [http-nio-8080-exec-2] o.a.c.c.C.[Tomcat].[localhost].[/]       : Initializing Spring DispatcherServlet 'dispatcherServlet'
2024-04-29T19:39:18.069+02:00  INFO 1336 --- [libraryManagement] [http-nio-8080-exec-2] o.s.web.servlet.DispatcherServlet        : Initializing Servlet 'dispatcherServlet'
2024-04-29T19:39:18.073+02:00  INFO 1336 --- [libraryManagement] [http-nio-8080-exec-2] o.s.web.servlet.DispatcherServlet        : Completed initialization in 3 ms
2024-04-29T19:39:18.135+02:00 DEBUG 1336 --- [libraryManagement] [http-nio-8080-exec-2] o.s.security.web.FilterChainProxy        : Securing GET /api/books
2024-04-29T19:39:18.648+02:00 DEBUG 1336 --- [libraryManagement] [http-nio-8080-exec-2] org.hibernate.SQL                        : select u1_0.id,u1_0.password,u1_0.username from user_credentials u1_0 where u1_0.username=?
2024-04-29T19:39:18.705+02:00 DEBUG 1336 --- [libraryManagement] [http-nio-8080-exec-2] o.s.security.web.FilterChainProxy        : Secured GET /api/books
2024-04-29T19:39:18.815+02:00 DEBUG 1336 --- [libraryManagement] [http-nio-8080-exec-2] org.hibernate.SQL                        : select b1_0.id,b1_0.isbn,b1_0.author,b1_0.available,b1_0.publication_year,b1_0.title from books b1_0 offset ? rows fetch first ? rows only
2024-04-29T19:39:18.859+02:00 DEBUG 1336 --- [libraryManagement] [http-nio-8080-exec-2] org.hibernate.SQL                        : select count(b1_0.id) from books b1_0
